Unable to capture context for thread 9748 in process 18704, can not generate back trace
Exception at PC 0x00007FFA2827BB93
Printing stacktrace...

Exception at PC 0x00007FFA87D5CF19
Unable to capture context for thread 22900 in process 18704, can not generate back trace
Unable to capture context for thread 21112 in process 18704, can not generate back trace
Unable to capture context for thread 16840 in process 18704, can not generate back trace
Exception at PC 0x00007FFA87D5CF19
Exception at PC 0x00007FFA87D5CF19
Exception at PC 0x00007FFA87D5CF19
Exception at PC 0x00007FFA87D5CF19
Exception at PC 0x00007FFA87D5CF19
Exception at PC 0x00007FFA87D5CF19
Exception at PC 0x00007FFA87D5CF19
Exception at PC 0x00007FFA87D5CF19
Exception at PC 0x00007FFA87D5CF19
Exception at PC 0x00007FFA87D5CF19
Exception at PC 0x00007FFA87D5CF19
Exception at PC 0x00007FFA87D5CF19
Exception at PC 0x00007FFA87D5CF19
Exception at PC 0x00007FFA87D5CF19
Exception at PC 0x00007FFA87D5CF19
Exception at PC 0x00007FFA87D5CF19
Exception at PC 0x00007FFA87D5CF19
[0]  [0x00007FFA2827BB93]
[1]  [0x00007FFA2827BB93]
[2]  [0x00007FFA2827B4A1]
[3]  [0x00007FFA2827B459]
[4]  [0x00007FFA282619FE]
[5]  [0x00007FFA28260ED1]
[6]  [0x00007FFA28260D76]
[7]  [0x00007FFA282079F6]
[8]  [0x00007FFA281F7AFB]
[9]  [0x00007FFA2831E90A]
[10]  [0x00007FFA28339F87]
[11]  [0x00007FFA2833A05F]
[12] (BaseThreadInitThunk+0x14) [0x00007FFA88887344]
[13] (RtlUserThreadStart+0x21) [0x00007FFA8A4C26B1]
Done
