Copyright 1986-2016 Xilinx, Inc. All Rights Reserved.
-------------------------------------------------------------------------------------------------------------------------------
| Tool Version : Vivado v.2016.3 (win64) Build 1682563 Mon Oct 10 19:07:27 MDT 2016
| Date         : Sat Feb 10 20:27:36 2024
| Host         : SOE-1532-19 running 64-bit major release  (build 9200)
| Command      : report_methodology -file HW_Demo_Main_methodology_drc_routed.rpt -rpx HW_Demo_Main_methodology_drc_routed.rpx
| Design       : HW_Demo_Main
| Device       : xc7a100tcsg324-3
| Speed File   : -3
| Design State : Routed
-------------------------------------------------------------------------------------------------------------------------------

Report Methodology

Table of Contents
-----------------
1. REPORT SUMMARY
2. REPORT DETAILS

1. REPORT SUMMARY
-----------------
            Netlist: netlist
          Floorplan: design_1
      Design limits: <entire design considered>
             Max violations: <unlimited>
             Violations found: 15
+-----------+----------+-------------------------------+------------+
| Rule      | Severity | Description                   | Violations |
+-----------+----------+-------------------------------+------------+
| TIMING-18 | Warning  | Missing input or output delay | 15         |
+-----------+----------+-------------------------------+------------+

2. REPORT DETAILS
-----------------
TIMING-18#1 Warning
Missing input or output delay  
An input delay is missing on addr_m[0] relative to clock(s) sys_clk_pin 
Related violations: <none>

TIMING-18#2 Warning
Missing input or output delay  
An input delay is missing on addr_m[1] relative to clock(s) sys_clk_pin 
Related violations: <none>

TIMING-18#3 Warning
Missing input or output delay  
An input delay is missing on addr_m[2] relative to clock(s) sys_clk_pin 
Related violations: <none>

TIMING-18#4 Warning
Missing input or output delay  
An output delay is missing on dout_out[0] relative to clock(s) sys_clk_pin 
Related violations: <none>

TIMING-18#5 Warning
Missing input or output delay  
An output delay is missing on dout_out[1] relative to clock(s) sys_clk_pin 
Related violations: <none>

TIMING-18#6 Warning
Missing input or output delay  
An output delay is missing on dout_out[2] relative to clock(s) sys_clk_pin 
Related violations: <none>

TIMING-18#7 Warning
Missing input or output delay  
An output delay is missing on dout_out[3] relative to clock(s) sys_clk_pin 
Related violations: <none>

TIMING-18#8 Warning
Missing input or output delay  
An output delay is missing on sev_seg_out[0] relative to clock(s) sys_clk_pin 
Related violations: <none>

TIMING-18#9 Warning
Missing input or output delay  
An output delay is missing on sev_seg_out[1] relative to clock(s) sys_clk_pin 
Related violations: <none>

TIMING-18#10 Warning
Missing input or output delay  
An output delay is missing on sev_seg_out[2] relative to clock(s) sys_clk_pin 
Related violations: <none>

TIMING-18#11 Warning
Missing input or output delay  
An output delay is missing on sev_seg_out[3] relative to clock(s) sys_clk_pin 
Related violations: <none>

TIMING-18#12 Warning
Missing input or output delay  
An output delay is missing on sev_seg_out[4] relative to clock(s) sys_clk_pin 
Related violations: <none>

TIMING-18#13 Warning
Missing input or output delay  
An output delay is missing on sev_seg_out[5] relative to clock(s) sys_clk_pin 
Related violations: <none>

TIMING-18#14 Warning
Missing input or output delay  
An output delay is missing on sev_seg_out[6] relative to clock(s) sys_clk_pin 
Related violations: <none>

TIMING-18#15 Warning
Missing input or output delay  
An output delay is missing on sev_seg_out[7] relative to clock(s) sys_clk_pin 
Related violations: <none>


