#-----------------------------------------------------------
# Vivado v2016.3 (64-bit)
# SW Build 1682563 on Mon Oct 10 19:07:27 MDT 2016
# IP Build 1681267 on Mon Oct 10 21:28:31 MDT 2016
# Start of session at: Wed Mar 13 09:06:24 2024
# Process ID: 13756
# Current directory: Q:/ENGG3380-Labs/Lab5/Part1CPU
# Command line: vivado.exe -gui_launcher_event rodinguilauncherevent26864 Q:\ENGG3380-Labs\Lab5\Part1CPU\Part1CPU.xpr
# Log file: Q:/ENGG3380-Labs/Lab5/Part1CPU/vivado.log
# Journal file: Q:/ENGG3380-Labs/Lab5/Part1CPU\vivado.jou
#-----------------------------------------------------------
start_gui
open_project Q:/ENGG3380-Labs/Lab5/Part1CPU/Part1CPU.xpr
Scanning sources...
Finished scanning sources
WARNING: [filemgmt 56-3] IP Output Repository Path: Could not find the directory 'Q:/ENGG3380-Labs/Lab5/Part1CPU/Part1CPU.cache/ip'.
WARNING: [filemgmt 56-3] IPUserFilesDir: Could not find the directory 'Q:/ENGG3380-Labs/Lab5/Part1CPU/Part1CPU.ip_user_files'.
INFO: [IP_Flow 19-234] Refreshing IP repositories
INFO: [IP_Flow 19-1704] No user IP repositories specified
INFO: [IP_Flow 19-2313] Loaded Vivado IP repository 'C:/Xilinx/Vivado/2016.3/data/ip'.
exit
INFO: [Common 17-206] Exiting Vivado at Wed Mar 13 09:08:18 2024...
